<?xml version="1.0" encoding="UTF-8"?>
<testsuite name="com.renault.integration.Part2RegionTest" tests="1" skipped="0" failures="1" errors="0" timestamp="2020-03-31T09:15:23" hostname="FRLH134462" time="1.18">
  <properties/>
  <testcase name="should_POST_region_add_new_region()" classname="com.renault.integration.Part2RegionTest" time="1.18">
    <failure message="org.springframework.web.server.ResponseStatusException: 500 INTERNAL_SERVER_ERROR &quot;Wrong status code: 500&quot;" type="org.springframework.web.server.ResponseStatusException">org.springframework.web.server.ResponseStatusException: 500 INTERNAL_SERVER_ERROR &quot;Wrong status code: 500&quot;
	at com.renault.integration.TestCitiesApplication.post(TestCitiesApplication.java:86)
	at com.renault.integration.Part2RegionTest.should_POST_region_add_new_region(Part2RegionTest.java:79)
	at java.base/jdk.internal.reflect.NativeMethodAccessorImpl.invoke0(Native Method)
	at java.base/jdk.internal.reflect.NativeMethodAccessorImpl.invoke(NativeMethodAccessorImpl.java:62)
	at java.base/jdk.internal.reflect.DelegatingMethodAccessorImpl.invoke(DelegatingMethodAccessorImpl.java:43)
	at java.base/java.lang.reflect.Method.invoke(Method.java:566)
	at org.junit.platform.commons.util.ReflectionUtils.invokeMethod(ReflectionUtils.java:675)
	at org.junit.jupiter.engine.execution.ExecutableInvoker.invoke(ExecutableInvoker.java:115)
	at org.junit.jupiter.engine.descriptor.TestMethodTestDescriptor.lambda$invokeTestMethod$6(TestMethodTestDescriptor.java:171)
	at org.junit.platform.engine.support.hierarchical.ThrowableCollector.execute(ThrowableCollector.java:73)
	at org.junit.jupiter.engine.descriptor.TestMethodTestDescriptor.invokeTestMethod(TestMethodTestDescriptor.java:167)
	at org.junit.jupiter.engine.descriptor.TestMethodTestDescriptor.execute(TestMethodTestDescriptor.java:114)
	at org.junit.jupiter.engine.descriptor.TestMethodTestDescriptor.execute(TestMethodTestDescriptor.java:59)
	at org.junit.platform.engine.support.hierarchical.NodeTestTask.lambda$executeRecursively$5(NodeTestTask.java:135)
	at org.junit.platform.engine.support.hierarchical.ThrowableCollector.execute(ThrowableCollector.java:73)
	at org.junit.platform.engine.support.hierarchical.NodeTestTask.lambda$executeRecursively$7(NodeTestTask.java:125)
	at org.junit.platform.engine.support.hierarchical.Node.around(Node.java:135)
	at org.junit.platform.engine.support.hierarchical.NodeTestTask.lambda$executeRecursively$8(NodeTestTask.java:123)
	at org.junit.platform.engine.support.hierarchical.ThrowableCollector.execute(ThrowableCollector.java:73)
	at org.junit.platform.engine.support.hierarchical.NodeTestTask.executeRecursively(NodeTestTask.java:122)
	at org.junit.platform.engine.support.hierarchical.NodeTestTask.execute(NodeTestTask.java:80)
	at java.base/java.util.ArrayList.forEach(ArrayList.java:1540)
	at org.junit.platform.engine.support.hierarchical.SameThreadHierarchicalTestExecutorService.invokeAll(SameThreadHierarchicalTestExecutorService.java:38)
	at org.junit.platform.engine.support.hierarchical.NodeTestTask.lambda$executeRecursively$5(NodeTestTask.java:139)
	at org.junit.platform.engine.support.hierarchical.ThrowableCollector.execute(ThrowableCollector.java:73)
	at org.junit.platform.engine.support.hierarchical.NodeTestTask.lambda$executeRecursively$7(NodeTestTask.java:125)
	at org.junit.platform.engine.support.hierarchical.Node.around(Node.java:135)
	at org.junit.platform.engine.support.hierarchical.NodeTestTask.lambda$executeRecursively$8(NodeTestTask.java:123)
	at org.junit.platform.engine.support.hierarchical.ThrowableCollector.execute(ThrowableCollector.java:73)
	at org.junit.platform.engine.support.hierarchical.NodeTestTask.executeRecursively(NodeTestTask.java:122)
	at org.junit.platform.engine.support.hierarchical.NodeTestTask.execute(NodeTestTask.java:80)
	at java.base/java.util.ArrayList.forEach(ArrayList.java:1540)
	at org.junit.platform.engine.support.hierarchical.SameThreadHierarchicalTestExecutorService.invokeAll(SameThreadHierarchicalTestExecutorService.java:38)
	at org.junit.platform.engine.support.hierarchical.NodeTestTask.lambda$executeRecursively$5(NodeTestTask.java:139)
	at org.junit.platform.engine.support.hierarchical.ThrowableCollector.execute(ThrowableCollector.java:73)
	at org.junit.platform.engine.support.hierarchical.NodeTestTask.lambda$executeRecursively$7(NodeTestTask.java:125)
	at org.junit.platform.engine.support.hierarchical.Node.around(Node.java:135)
	at org.junit.platform.engine.support.hierarchical.NodeTestTask.lambda$executeRecursively$8(NodeTestTask.java:123)
	at org.junit.platform.engine.support.hierarchical.ThrowableCollector.execute(ThrowableCollector.java:73)
	at org.junit.platform.engine.support.hierarchical.NodeTestTask.executeRecursively(NodeTestTask.java:122)
	at org.junit.platform.engine.support.hierarchical.NodeTestTask.execute(NodeTestTask.java:80)
	at org.junit.platform.engine.support.hierarchical.SameThreadHierarchicalTestExecutorService.submit(SameThreadHierarchicalTestExecutorService.java:32)
	at org.junit.platform.engine.support.hierarchical.HierarchicalTestExecutor.execute(HierarchicalTestExecutor.java:57)
	at org.junit.platform.engine.support.hierarchical.HierarchicalTestEngine.execute(HierarchicalTestEngine.java:51)
	at org.junit.platform.launcher.core.DefaultLauncher.execute(DefaultLauncher.java:220)
	at org.junit.platform.launcher.core.DefaultLauncher.lambda$execute$6(DefaultLauncher.java:188)
	at org.junit.platform.launcher.core.DefaultLauncher.withInterceptedStreams(DefaultLauncher.java:202)
	at org.junit.platform.launcher.core.DefaultLauncher.execute(DefaultLauncher.java:181)
	at org.junit.platform.launcher.core.DefaultLauncher.execute(DefaultLauncher.java:128)
	at org.gradle.api.internal.tasks.testing.junitplatform.JUnitPlatformTestClassProcessor$CollectAllTestClassesExecutor.processAllTestClasses(JUnitPlatformTestClassProcessor.java:99)
	at org.gradle.api.internal.tasks.testing.junitplatform.JUnitPlatformTestClassProcessor$CollectAllTestClassesExecutor.access$000(JUnitPlatformTestClassProcessor.java:79)
	at org.gradle.api.internal.tasks.testing.junitplatform.JUnitPlatformTestClassProcessor.stop(JUnitPlatformTestClassProcessor.java:75)
	at org.gradle.api.internal.tasks.testing.SuiteTestClassProcessor.stop(SuiteTestClassProcessor.java:61)
	at java.base/jdk.internal.reflect.NativeMethodAccessorImpl.invoke0(Native Method)
	at java.base/jdk.internal.reflect.NativeMethodAccessorImpl.invoke(NativeMethodAccessorImpl.java:62)
	at java.base/jdk.internal.reflect.DelegatingMethodAccessorImpl.invoke(DelegatingMethodAccessorImpl.java:43)
	at java.base/java.lang.reflect.Method.invoke(Method.java:566)
	at org.gradle.internal.dispatch.ReflectionDispatch.dispatch(ReflectionDispatch.java:36)
	at org.gradle.internal.dispatch.ReflectionDispatch.dispatch(ReflectionDispatch.java:24)
	at org.gradle.internal.dispatch.ContextClassLoaderDispatch.dispatch(ContextClassLoaderDispatch.java:33)
	at org.gradle.internal.dispatch.ProxyDispatchAdapter$DispatchingInvocationHandler.invoke(ProxyDispatchAdapter.java:94)
	at com.sun.proxy.$Proxy2.stop(Unknown Source)
	at org.gradle.api.internal.tasks.testing.worker.TestWorker.stop(TestWorker.java:132)
	at java.base/jdk.internal.reflect.NativeMethodAccessorImpl.invoke0(Native Method)
	at java.base/jdk.internal.reflect.NativeMethodAccessorImpl.invoke(NativeMethodAccessorImpl.java:62)
	at java.base/jdk.internal.reflect.DelegatingMethodAccessorImpl.invoke(DelegatingMethodAccessorImpl.java:43)
	at java.base/java.lang.reflect.Method.invoke(Method.java:566)
	at org.gradle.internal.dispatch.ReflectionDispatch.dispatch(ReflectionDispatch.java:36)
	at org.gradle.internal.dispatch.ReflectionDispatch.dispatch(ReflectionDispatch.java:24)
	at org.gradle.internal.remote.internal.hub.MessageHubBackedObjectConnection$DispatchWrapper.dispatch(MessageHubBackedObjectConnection.java:182)
	at org.gradle.internal.remote.internal.hub.MessageHubBackedObjectConnection$DispatchWrapper.dispatch(MessageHubBackedObjectConnection.java:164)
	at org.gradle.internal.remote.internal.hub.MessageHub$Handler.run(MessageHub.java:412)
	at org.gradle.internal.concurrent.ExecutorPolicy$CatchAndRecordFailures.onExecute(ExecutorPolicy.java:64)
	at org.gradle.internal.concurrent.ManagedExecutorImpl$1.run(ManagedExecutorImpl.java:48)
	at java.base/java.util.concurrent.ThreadPoolExecutor.runWorker(ThreadPoolExecutor.java:1128)
	at java.base/java.util.concurrent.ThreadPoolExecutor$Worker.run(ThreadPoolExecutor.java:628)
	at org.gradle.internal.concurrent.ThreadFactoryImpl$ManagedThreadRunnable.run(ThreadFactoryImpl.java:56)
	at java.base/java.lang.Thread.run(Thread.java:834)
</failure>
  </testcase>
  <system-out><![CDATA[11:15:14.509 [Test worker] DEBUG org.springframework.test.context.BootstrapUtils - Instantiating CacheAwareContextLoaderDelegate from class [org.springframework.test.context.cache.DefaultCacheAwareContextLoaderDelegate]
11:15:14.529 [Test worker] DEBUG org.springframework.test.context.BootstrapUtils - Instantiating BootstrapContext using constructor [public org.springframework.test.context.support.DefaultBootstrapContext(java.lang.Class,org.springframework.test.context.CacheAwareContextLoaderDelegate)]
11:15:14.579 [Test worker] DEBUG org.springframework.test.context.BootstrapUtils - Instantiating TestContextBootstrapper for test class [com.renault.integration.Part2RegionTest] from class [org.springframework.boot.test.context.SpringBootTestContextBootstrapper]
11:15:14.601 [Test worker] INFO org.springframework.boot.test.context.SpringBootTestContextBootstrapper - Neither @ContextConfiguration nor @ContextHierarchy found for test class [com.renault.integration.Part2RegionTest], using SpringBootContextLoader
11:15:14.627 [Test worker] DEBUG org.springframework.test.context.support.AbstractContextLoader - Did not detect default resource location for test class [com.renault.integration.Part2RegionTest]: class path resource [com/renault/integration/Part2RegionTest-context.xml] does not exist
11:15:14.628 [Test worker] DEBUG org.springframework.test.context.support.AbstractContextLoader - Did not detect default resource location for test class [com.renault.integration.Part2RegionTest]: class path resource [com/renault/integration/Part2RegionTestContext.groovy] does not exist
11:15:14.630 [Test worker] INFO org.springframework.test.context.support.AbstractContextLoader - Could not detect default resource locations for test class [com.renault.integration.Part2RegionTest]: no resource found for suffixes {-context.xml, Context.groovy}.
11:15:14.694 [Test worker] DEBUG org.springframework.test.context.support.ActiveProfilesUtils - Could not find an 'annotation declaring class' for annotation type [org.springframework.test.context.ActiveProfiles] and class [com.renault.integration.Part2RegionTest]
11:15:14.875 [Test worker] DEBUG org.springframework.boot.test.context.SpringBootTestContextBootstrapper - @TestExecutionListeners is not present for class [com.renault.integration.Part2RegionTest]: using defaults.
11:15:14.875 [Test worker] INFO org.springframework.boot.test.context.SpringBootTestContextBootstrapper - Loaded default TestExecutionListener class names from location [META-INF/spring.factories]: [org.springframework.boot.test.autoconfigure.restdocs.RestDocsTestExecutionListener, org.springframework.boot.test.autoconfigure.web.client.MockRestServiceServerResetTestExecutionListener, org.springframework.boot.test.autoconfigure.web.servlet.MockMvcPrintOnlyOnFailureTestExecutionListener, org.springframework.boot.test.autoconfigure.web.servlet.WebDriverTestExecutionListener, org.springframework.boot.test.mock.mockito.MockitoTestExecutionListener, org.springframework.boot.test.mock.mockito.ResetMocksTestExecutionListener, org.springframework.test.context.web.ServletTestExecutionListener, org.springframework.test.context.support.DirtiesContextBeforeModesTestExecutionListener, org.springframework.test.context.support.DependencyInjectionTestExecutionListener, org.springframework.test.context.support.DirtiesContextTestExecutionListener, org.springframework.test.context.transaction.TransactionalTestExecutionListener, org.springframework.test.context.jdbc.SqlScriptsTestExecutionListener, org.springframework.test.context.event.EventPublishingTestExecutionListener]
11:15:14.902 [Test worker] INFO org.springframework.boot.test.context.SpringBootTestContextBootstrapper - Using TestExecutionListeners: [org.springframework.test.context.web.ServletTestExecutionListener@28e52905, org.springframework.test.context.support.DirtiesContextBeforeModesTestExecutionListener@2b28e993, org.springframework.boot.test.mock.mockito.MockitoTestExecutionListener@1d880400, org.springframework.boot.test.autoconfigure.SpringBootDependencyInjectionTestExecutionListener@78f77acb, org.springframework.test.context.support.DirtiesContextTestExecutionListener@79dbc9d1, org.springframework.test.context.transaction.TransactionalTestExecutionListener@1553d308, org.springframework.test.context.jdbc.SqlScriptsTestExecutionListener@48a66da6, org.springframework.test.context.event.EventPublishingTestExecutionListener@bc4775b, org.springframework.boot.test.autoconfigure.restdocs.RestDocsTestExecutionListener@2cf6b2b3, org.springframework.boot.test.autoconfigure.web.client.MockRestServiceServerResetTestExecutionListener@2736efb6, org.springframework.boot.test.autoconfigure.web.servlet.MockMvcPrintOnlyOnFailureTestExecutionListener@5c067dab, org.springframework.boot.test.autoconfigure.web.servlet.WebDriverTestExecutionListener@74d0b7df, org.springframework.boot.test.mock.mockito.ResetMocksTestExecutionListener@6d2af0dc]
11:15:14.909 [Test worker] DEBUG org.springframework.test.context.support.AbstractDirtiesContextTestExecutionListener - Before test class: context [DefaultTestContext@4bb9cbd6 testClass = Part2RegionTest, testInstance = [null], testMethod = [null], testException = [null], mergedContextConfiguration = [WebMergedContextConfiguration@39faec57 testClass = Part2RegionTest, locations = '{}', classes = '{class com.renault.CitiesApplication, class com.renault.CitiesApplication}', contextInitializerClasses = '[]', activeProfiles = '{}', propertySourceLocations = '{}', propertySourceProperties = '{org.springframework.boot.test.context.SpringBootTestContextBootstrapper=true, server.port=0}', contextCustomizers = set[org.springframework.boot.test.autoconfigure.properties.PropertyMappingContextCustomizer@0, org.springframework.boot.test.autoconfigure.web.servlet.WebDriverContextCustomizerFactory$Customizer@78ac7859, org.springframework.boot.test.context.filter.ExcludeFilterContextCustomizer@73f9287b, org.springframework.boot.test.json.DuplicateJsonObjectContextCustomizerFactory$DuplicateJsonObjectContextCustomizer@472785da, org.springframework.boot.test.mock.mockito.MockitoContextCustomizer@0, org.springframework.boot.test.web.client.TestRestTemplateContextCustomizer@4380fca8], resourceBasePath = 'src/main/webapp', contextLoader = 'org.springframework.boot.test.context.SpringBootContextLoader', parent = [null]], attributes = map['org.springframework.test.context.web.ServletTestExecutionListener.activateListener' -> false]], class annotated with @DirtiesContext [false] with mode [null].
11:15:14.921 [Test worker] DEBUG org.springframework.test.context.support.DependencyInjectionTestExecutionListener - Performing dependency injection for test context [[DefaultTestContext@4bb9cbd6 testClass = Part2RegionTest, testInstance = com.renault.integration.Part2RegionTest@3d37d655, testMethod = [null], testException = [null], mergedContextConfiguration = [WebMergedContextConfiguration@39faec57 testClass = Part2RegionTest, locations = '{}', classes = '{class com.renault.CitiesApplication, class com.renault.CitiesApplication}', contextInitializerClasses = '[]', activeProfiles = '{}', propertySourceLocations = '{}', propertySourceProperties = '{org.springframework.boot.test.context.SpringBootTestContextBootstrapper=true, server.port=0}', contextCustomizers = set[org.springframework.boot.test.autoconfigure.properties.PropertyMappingContextCustomizer@0, org.springframework.boot.test.autoconfigure.web.servlet.WebDriverContextCustomizerFactory$Customizer@78ac7859, org.springframework.boot.test.context.filter.ExcludeFilterContextCustomizer@73f9287b, org.springframework.boot.test.json.DuplicateJsonObjectContextCustomizerFactory$DuplicateJsonObjectContextCustomizer@472785da, org.springframework.boot.test.mock.mockito.MockitoContextCustomizer@0, org.springframework.boot.test.web.client.TestRestTemplateContextCustomizer@4380fca8], resourceBasePath = 'src/main/webapp', contextLoader = 'org.springframework.boot.test.context.SpringBootContextLoader', parent = [null]], attributes = map['org.springframework.test.context.web.ServletTestExecutionListener.activateListener' -> false]]].
11:15:14.962 [Test worker] DEBUG org.springframework.test.context.support.TestPropertySourceUtils - Adding inlined properties to environment: {spring.jmx.enabled=false, org.springframework.boot.test.context.SpringBootTestContextBootstrapper=true, server.port=0}

  .   ____          _            __ _ _
 /\\ / ___'_ __ _ _(_)_ __  __ _ \ \ \ \
( ( )\___ | '_ | '_| | '_ \/ _` | \ \ \ \
 \\/  ___)| |_)| | | | | || (_| |  ) ) ) )
  '  |____| .__|_| |_|_| |_\__, | / / / /
 =========|_|==============|___/=/_/_/_/
 :: Spring Boot ::        (v2.2.4.RELEASE)

2020-03-31 11:15:15.643  INFO 224720 --- [    Test worker] com.renault.integration.Part2RegionTest  : Starting Part2RegionTest on FRLH134462 with PID 224720 (started by az02750 in C:\Users\az02750\Documents\ProjetPerso\Project-Cities)
2020-03-31 11:15:15.647  INFO 224720 --- [    Test worker] com.renault.integration.Part2RegionTest  : No active profile set, falling back to default profiles: default
2020-03-31 11:15:16.884  INFO 224720 --- [    Test worker] .s.d.r.c.RepositoryConfigurationDelegate : Bootstrapping Spring Data JPA repositories in DEFAULT mode.
2020-03-31 11:15:17.025  INFO 224720 --- [    Test worker] .s.d.r.c.RepositoryConfigurationDelegate : Finished Spring Data repository scanning in 127ms. Found 3 JPA repository interfaces.
2020-03-31 11:15:17.634  INFO 224720 --- [    Test worker] trationDelegate$BeanPostProcessorChecker : Bean 'org.springframework.transaction.annotation.ProxyTransactionManagementConfiguration' of type [org.springframework.transaction.annotation.ProxyTransactionManagementConfiguration] is not eligible for getting processed by all BeanPostProcessors (for example: not eligible for auto-proxying)
2020-03-31 11:15:18.203  INFO 224720 --- [    Test worker] o.s.b.w.embedded.tomcat.TomcatWebServer  : Tomcat initialized with port(s): 0 (http)
2020-03-31 11:15:18.226  INFO 224720 --- [    Test worker] o.apache.catalina.core.StandardService   : Starting service [Tomcat]
2020-03-31 11:15:18.226  INFO 224720 --- [    Test worker] org.apache.catalina.core.StandardEngine  : Starting Servlet engine: [Apache Tomcat/9.0.30]
2020-03-31 11:15:18.502  INFO 224720 --- [    Test worker] o.a.c.c.C.[Tomcat].[localhost].[/]       : Initializing Spring embedded WebApplicationContext
2020-03-31 11:15:18.503  INFO 224720 --- [    Test worker] o.s.web.context.ContextLoader            : Root WebApplicationContext: initialization completed in 2801 ms
2020-03-31 11:15:18.875  INFO 224720 --- [    Test worker] com.zaxxer.hikari.HikariDataSource       : database - Starting...
2020-03-31 11:15:19.205  INFO 224720 --- [    Test worker] com.zaxxer.hikari.HikariDataSource       : database - Start completed.
2020-03-31 11:15:19.343  INFO 224720 --- [    Test worker] o.hibernate.jpa.internal.util.LogHelper  : HHH000204: Processing PersistenceUnitInfo [name: default]
2020-03-31 11:15:19.499  INFO 224720 --- [    Test worker] org.hibernate.Version                    : HHH000412: Hibernate Core {5.4.10.Final}
2020-03-31 11:15:19.820  INFO 224720 --- [    Test worker] o.hibernate.annotations.common.Version   : HCANN000001: Hibernate Commons Annotations {5.1.0.Final}
2020-03-31 11:15:20.080  INFO 224720 --- [    Test worker] org.hibernate.dialect.Dialect            : HHH000400: Using dialect: org.hibernate.dialect.PostgreSQL95Dialect
2020-03-31 11:15:21.463  INFO 224720 --- [    Test worker] o.h.e.t.j.p.i.JtaPlatformInitiator       : HHH000490: Using JtaPlatform implementation: [org.hibernate.engine.transaction.jta.platform.internal.NoJtaPlatform]
2020-03-31 11:15:21.473  INFO 224720 --- [    Test worker] j.LocalContainerEntityManagerFactoryBean : Initialized JPA EntityManagerFactory for persistence unit 'default'
2020-03-31 11:15:22.351  WARN 224720 --- [    Test worker] JpaBaseConfiguration$JpaWebConfiguration : spring.jpa.open-in-view is enabled by default. Therefore, database queries may be performed during view rendering. Explicitly configure spring.jpa.open-in-view to disable this warning
2020-03-31 11:15:22.756  INFO 224720 --- [    Test worker] o.s.s.concurrent.ThreadPoolTaskExecutor  : Initializing ExecutorService 'applicationTaskExecutor'
2020-03-31 11:15:23.353  INFO 224720 --- [    Test worker] o.s.b.w.embedded.tomcat.TomcatWebServer  : Tomcat started on port(s): 56667 (http) with context path ''
2020-03-31 11:15:23.359  INFO 224720 --- [    Test worker] com.renault.integration.Part2RegionTest  : Started Part2RegionTest in 8.39 seconds (JVM running for 10.648)
2020-03-31 11:15:23.577 DEBUG 224720 --- [    Test worker] org.hibernate.SQL                        : select region0_.id as id1_2_, region0_.country_id as country_3_2_, region0_.name as name2_2_ from region region0_
2020-03-31 11:15:23.625 DEBUG 224720 --- [    Test worker] org.hibernate.SQL                        : select country0_.id as id1_1_0_, country0_.language as language2_1_0_, country0_.name as name3_1_0_, regions1_.country_id as country_3_2_1_, regions1_.id as id1_2_1_, regions1_.id as id1_2_2_, regions1_.country_id as country_3_2_2_, regions1_.name as name2_2_2_ from country country0_ left outer join region regions1_ on country0_.id=regions1_.country_id where country0_.id=?
2020-03-31 11:15:23.629 TRACE 224720 --- [    Test worker] o.h.type.descriptor.sql.BasicBinder      : binding parameter [1] as [INTEGER] - [89]
2020-03-31 11:15:23.645 DEBUG 224720 --- [    Test worker] org.hibernate.SQL                        : select country0_.id as id1_1_0_, country0_.language as language2_1_0_, country0_.name as name3_1_0_, regions1_.country_id as country_3_2_1_, regions1_.id as id1_2_1_, regions1_.id as id1_2_2_, regions1_.country_id as country_3_2_2_, regions1_.name as name2_2_2_ from country country0_ left outer join region regions1_ on country0_.id=regions1_.country_id where country0_.id=?
2020-03-31 11:15:23.645 TRACE 224720 --- [    Test worker] o.h.type.descriptor.sql.BasicBinder      : binding parameter [1] as [INTEGER] - [90]
2020-03-31 11:15:23.662 DEBUG 224720 --- [    Test worker] org.hibernate.SQL                        : select cities0_.region_id as region_i3_0_0_, cities0_.id as id1_0_0_, cities0_.id as id1_0_1_, cities0_.name as name2_0_1_, cities0_.region_id as region_i3_0_1_ from city cities0_ where cities0_.region_id=?
2020-03-31 11:15:23.663 TRACE 224720 --- [    Test worker] o.h.type.descriptor.sql.BasicBinder      : binding parameter [1] as [INTEGER] - [59]
2020-03-31 11:15:23.677 DEBUG 224720 --- [    Test worker] org.hibernate.SQL                        : select cities0_.region_id as region_i3_0_0_, cities0_.id as id1_0_0_, cities0_.id as id1_0_1_, cities0_.name as name2_0_1_, cities0_.region_id as region_i3_0_1_ from city cities0_ where cities0_.region_id=?
2020-03-31 11:15:23.678 TRACE 224720 --- [    Test worker] o.h.type.descriptor.sql.BasicBinder      : binding parameter [1] as [INTEGER] - [60]
2020-03-31 11:15:23.714 DEBUG 224720 --- [    Test worker] org.hibernate.SQL                        : delete from city where id=?
2020-03-31 11:15:23.715 TRACE 224720 --- [    Test worker] o.h.type.descriptor.sql.BasicBinder      : binding parameter [1] as [INTEGER] - [105]
2020-03-31 11:15:23.718 DEBUG 224720 --- [    Test worker] org.hibernate.SQL                        : delete from city where id=?
2020-03-31 11:15:23.718 TRACE 224720 --- [    Test worker] o.h.type.descriptor.sql.BasicBinder      : binding parameter [1] as [INTEGER] - [106]
2020-03-31 11:15:23.719 DEBUG 224720 --- [    Test worker] org.hibernate.SQL                        : delete from region where id=?
2020-03-31 11:15:23.720 TRACE 224720 --- [    Test worker] o.h.type.descriptor.sql.BasicBinder      : binding parameter [1] as [INTEGER] - [59]
2020-03-31 11:15:23.722 DEBUG 224720 --- [    Test worker] org.hibernate.SQL                        : delete from city where id=?
2020-03-31 11:15:23.722 TRACE 224720 --- [    Test worker] o.h.type.descriptor.sql.BasicBinder      : binding parameter [1] as [INTEGER] - [107]
2020-03-31 11:15:23.723 DEBUG 224720 --- [    Test worker] org.hibernate.SQL                        : delete from city where id=?
2020-03-31 11:15:23.724 TRACE 224720 --- [    Test worker] o.h.type.descriptor.sql.BasicBinder      : binding parameter [1] as [INTEGER] - [108]
2020-03-31 11:15:23.725 DEBUG 224720 --- [    Test worker] org.hibernate.SQL                        : delete from region where id=?
2020-03-31 11:15:23.725 TRACE 224720 --- [    Test worker] o.h.type.descriptor.sql.BasicBinder      : binding parameter [1] as [INTEGER] - [60]
2020-03-31 11:15:23.741 DEBUG 224720 --- [    Test worker] org.hibernate.SQL                        : select country0_.id as id1_1_, country0_.language as language2_1_, country0_.name as name3_1_ from country country0_
2020-03-31 11:15:23.744 DEBUG 224720 --- [    Test worker] org.hibernate.SQL                        : select regions0_.country_id as country_3_2_0_, regions0_.id as id1_2_0_, regions0_.id as id1_2_1_, regions0_.country_id as country_3_2_1_, regions0_.name as name2_2_1_ from region regions0_ where regions0_.country_id=?
2020-03-31 11:15:23.744 TRACE 224720 --- [    Test worker] o.h.type.descriptor.sql.BasicBinder      : binding parameter [1] as [INTEGER] - [91]
2020-03-31 11:15:23.746 DEBUG 224720 --- [    Test worker] org.hibernate.SQL                        : select regions0_.country_id as country_3_2_0_, regions0_.id as id1_2_0_, regions0_.id as id1_2_1_, regions0_.country_id as country_3_2_1_, regions0_.name as name2_2_1_ from region regions0_ where regions0_.country_id=?
2020-03-31 11:15:23.746 TRACE 224720 --- [    Test worker] o.h.type.descriptor.sql.BasicBinder      : binding parameter [1] as [INTEGER] - [90]
2020-03-31 11:15:23.747 DEBUG 224720 --- [    Test worker] org.hibernate.SQL                        : select regions0_.country_id as country_3_2_0_, regions0_.id as id1_2_0_, regions0_.id as id1_2_1_, regions0_.country_id as country_3_2_1_, regions0_.name as name2_2_1_ from region regions0_ where regions0_.country_id=?
2020-03-31 11:15:23.748 TRACE 224720 --- [    Test worker] o.h.type.descriptor.sql.BasicBinder      : binding parameter [1] as [INTEGER] - [89]
2020-03-31 11:15:23.752 DEBUG 224720 --- [    Test worker] org.hibernate.SQL                        : delete from country where id=?
2020-03-31 11:15:23.753 TRACE 224720 --- [    Test worker] o.h.type.descriptor.sql.BasicBinder      : binding parameter [1] as [INTEGER] - [89]
2020-03-31 11:15:23.754 DEBUG 224720 --- [    Test worker] org.hibernate.SQL                        : delete from country where id=?
2020-03-31 11:15:23.755 TRACE 224720 --- [    Test worker] o.h.type.descriptor.sql.BasicBinder      : binding parameter [1] as [INTEGER] - [90]
2020-03-31 11:15:23.756 DEBUG 224720 --- [    Test worker] org.hibernate.SQL                        : delete from country where id=?
2020-03-31 11:15:23.756 TRACE 224720 --- [    Test worker] o.h.type.descriptor.sql.BasicBinder      : binding parameter [1] as [INTEGER] - [91]
2020-03-31 11:15:23.772 DEBUG 224720 --- [    Test worker] org.hibernate.SQL                        : insert into country (language, name) values (?, ?)
2020-03-31 11:15:23.774 TRACE 224720 --- [    Test worker] o.h.type.descriptor.sql.BasicBinder      : binding parameter [1] as [VARCHAR] - [FR]
2020-03-31 11:15:23.774 TRACE 224720 --- [    Test worker] o.h.type.descriptor.sql.BasicBinder      : binding parameter [2] as [VARCHAR] - [France]
2020-03-31 11:15:23.785 DEBUG 224720 --- [    Test worker] org.hibernate.SQL                        : insert into country (language, name) values (?, ?)
2020-03-31 11:15:23.786 TRACE 224720 --- [    Test worker] o.h.type.descriptor.sql.BasicBinder      : binding parameter [1] as [VARCHAR] - [EN]
2020-03-31 11:15:23.786 TRACE 224720 --- [    Test worker] o.h.type.descriptor.sql.BasicBinder      : binding parameter [2] as [VARCHAR] - [Canada]
2020-03-31 11:15:23.788 DEBUG 224720 --- [    Test worker] org.hibernate.SQL                        : insert into country (language, name) values (?, ?)
2020-03-31 11:15:23.790 TRACE 224720 --- [    Test worker] o.h.type.descriptor.sql.BasicBinder      : binding parameter [1] as [VARCHAR] - [JA]
2020-03-31 11:15:23.790 TRACE 224720 --- [    Test worker] o.h.type.descriptor.sql.BasicBinder      : binding parameter [2] as [VARCHAR] - [Japan]
2020-03-31 11:15:23.795 DEBUG 224720 --- [    Test worker] org.hibernate.SQL                        : insert into region (country_id, name) values (?, ?)
2020-03-31 11:15:23.796 TRACE 224720 --- [    Test worker] o.h.type.descriptor.sql.BasicBinder      : binding parameter [1] as [INTEGER] - [92]
2020-03-31 11:15:23.796 TRACE 224720 --- [    Test worker] o.h.type.descriptor.sql.BasicBinder      : binding parameter [2] as [VARCHAR] - [IDF]
2020-03-31 11:15:23.801 DEBUG 224720 --- [    Test worker] org.hibernate.SQL                        : insert into region (country_id, name) values (?, ?)
2020-03-31 11:15:23.802 TRACE 224720 --- [    Test worker] o.h.type.descriptor.sql.BasicBinder      : binding parameter [1] as [INTEGER] - [93]
2020-03-31 11:15:23.802 TRACE 224720 --- [    Test worker] o.h.type.descriptor.sql.BasicBinder      : binding parameter [2] as [VARCHAR] - [Québec]
2020-03-31 11:15:23.809 DEBUG 224720 --- [    Test worker] org.hibernate.SQL                        : insert into city (name, region_id) values (?, ?)
2020-03-31 11:15:23.810 TRACE 224720 --- [    Test worker] o.h.type.descriptor.sql.BasicBinder      : binding parameter [1] as [VARCHAR] - [Paris]
2020-03-31 11:15:23.811 TRACE 224720 --- [    Test worker] o.h.type.descriptor.sql.BasicBinder      : binding parameter [2] as [INTEGER] - [61]
2020-03-31 11:15:23.816 DEBUG 224720 --- [    Test worker] org.hibernate.SQL                        : insert into city (name, region_id) values (?, ?)
2020-03-31 11:15:23.816 TRACE 224720 --- [    Test worker] o.h.type.descriptor.sql.BasicBinder      : binding parameter [1] as [VARCHAR] - [Montreuil]
2020-03-31 11:15:23.816 TRACE 224720 --- [    Test worker] o.h.type.descriptor.sql.BasicBinder      : binding parameter [2] as [INTEGER] - [61]
2020-03-31 11:15:23.820 DEBUG 224720 --- [    Test worker] org.hibernate.SQL                        : insert into city (name, region_id) values (?, ?)
2020-03-31 11:15:23.820 TRACE 224720 --- [    Test worker] o.h.type.descriptor.sql.BasicBinder      : binding parameter [1] as [VARCHAR] - [Montréal]
2020-03-31 11:15:23.820 TRACE 224720 --- [    Test worker] o.h.type.descriptor.sql.BasicBinder      : binding parameter [2] as [INTEGER] - [62]
2020-03-31 11:15:23.825 DEBUG 224720 --- [    Test worker] org.hibernate.SQL                        : insert into city (name, region_id) values (?, ?)
2020-03-31 11:15:23.825 TRACE 224720 --- [    Test worker] o.h.type.descriptor.sql.BasicBinder      : binding parameter [1] as [VARCHAR] - [Laval]
2020-03-31 11:15:23.826 TRACE 224720 --- [    Test worker] o.h.type.descriptor.sql.BasicBinder      : binding parameter [2] as [INTEGER] - [62]
2020-03-31 11:15:24.018 DEBUG 224720 --- [    Test worker] org.hibernate.SQL                        : select region0_.id as id1_2_, region0_.country_id as country_3_2_, region0_.name as name2_2_ from region region0_
2020-03-31 11:15:24.020 DEBUG 224720 --- [    Test worker] org.hibernate.SQL                        : select country0_.id as id1_1_0_, country0_.language as language2_1_0_, country0_.name as name3_1_0_, regions1_.country_id as country_3_2_1_, regions1_.id as id1_2_1_, regions1_.id as id1_2_2_, regions1_.country_id as country_3_2_2_, regions1_.name as name2_2_2_ from country country0_ left outer join region regions1_ on country0_.id=regions1_.country_id where country0_.id=?
2020-03-31 11:15:24.021 TRACE 224720 --- [    Test worker] o.h.type.descriptor.sql.BasicBinder      : binding parameter [1] as [INTEGER] - [92]
2020-03-31 11:15:24.023 DEBUG 224720 --- [    Test worker] org.hibernate.SQL                        : select country0_.id as id1_1_0_, country0_.language as language2_1_0_, country0_.name as name3_1_0_, regions1_.country_id as country_3_2_1_, regions1_.id as id1_2_1_, regions1_.id as id1_2_2_, regions1_.country_id as country_3_2_2_, regions1_.name as name2_2_2_ from country country0_ left outer join region regions1_ on country0_.id=regions1_.country_id where country0_.id=?
2020-03-31 11:15:24.024 TRACE 224720 --- [    Test worker] o.h.type.descriptor.sql.BasicBinder      : binding parameter [1] as [INTEGER] - [93]
2020-03-31 11:15:24.026 DEBUG 224720 --- [    Test worker] org.hibernate.SQL                        : select cities0_.region_id as region_i3_0_0_, cities0_.id as id1_0_0_, cities0_.id as id1_0_1_, cities0_.name as name2_0_1_, cities0_.region_id as region_i3_0_1_ from city cities0_ where cities0_.region_id=?
2020-03-31 11:15:24.027 TRACE 224720 --- [    Test worker] o.h.type.descriptor.sql.BasicBinder      : binding parameter [1] as [INTEGER] - [61]
2020-03-31 11:15:24.030 DEBUG 224720 --- [    Test worker] org.hibernate.SQL                        : select cities0_.region_id as region_i3_0_0_, cities0_.id as id1_0_0_, cities0_.id as id1_0_1_, cities0_.name as name2_0_1_, cities0_.region_id as region_i3_0_1_ from city cities0_ where cities0_.region_id=?
2020-03-31 11:15:24.030 TRACE 224720 --- [    Test worker] o.h.type.descriptor.sql.BasicBinder      : binding parameter [1] as [INTEGER] - [62]
2020-03-31 11:15:24.034 DEBUG 224720 --- [    Test worker] org.hibernate.SQL                        : delete from city where id=?
2020-03-31 11:15:24.034 TRACE 224720 --- [    Test worker] o.h.type.descriptor.sql.BasicBinder      : binding parameter [1] as [INTEGER] - [109]
2020-03-31 11:15:24.035 DEBUG 224720 --- [    Test worker] org.hibernate.SQL                        : delete from city where id=?
2020-03-31 11:15:24.036 TRACE 224720 --- [    Test worker] o.h.type.descriptor.sql.BasicBinder      : binding parameter [1] as [INTEGER] - [110]
2020-03-31 11:15:24.037 DEBUG 224720 --- [    Test worker] org.hibernate.SQL                        : delete from region where id=?
2020-03-31 11:15:24.037 TRACE 224720 --- [    Test worker] o.h.type.descriptor.sql.BasicBinder      : binding parameter [1] as [INTEGER] - [61]
2020-03-31 11:15:24.039 DEBUG 224720 --- [    Test worker] org.hibernate.SQL                        : delete from city where id=?
2020-03-31 11:15:24.039 TRACE 224720 --- [    Test worker] o.h.type.descriptor.sql.BasicBinder      : binding parameter [1] as [INTEGER] - [111]
2020-03-31 11:15:24.040 DEBUG 224720 --- [    Test worker] org.hibernate.SQL                        : delete from city where id=?
2020-03-31 11:15:24.041 TRACE 224720 --- [    Test worker] o.h.type.descriptor.sql.BasicBinder      : binding parameter [1] as [INTEGER] - [112]
2020-03-31 11:15:24.042 DEBUG 224720 --- [    Test worker] org.hibernate.SQL                        : delete from region where id=?
2020-03-31 11:15:24.043 TRACE 224720 --- [    Test worker] o.h.type.descriptor.sql.BasicBinder      : binding parameter [1] as [INTEGER] - [62]
2020-03-31 11:15:24.054 DEBUG 224720 --- [    Test worker] org.hibernate.SQL                        : select country0_.id as id1_1_, country0_.language as language2_1_, country0_.name as name3_1_ from country country0_
2020-03-31 11:15:24.057 DEBUG 224720 --- [    Test worker] org.hibernate.SQL                        : select regions0_.country_id as country_3_2_0_, regions0_.id as id1_2_0_, regions0_.id as id1_2_1_, regions0_.country_id as country_3_2_1_, regions0_.name as name2_2_1_ from region regions0_ where regions0_.country_id=?
2020-03-31 11:15:24.057 TRACE 224720 --- [    Test worker] o.h.type.descriptor.sql.BasicBinder      : binding parameter [1] as [INTEGER] - [94]
2020-03-31 11:15:24.059 DEBUG 224720 --- [    Test worker] org.hibernate.SQL                        : select regions0_.country_id as country_3_2_0_, regions0_.id as id1_2_0_, regions0_.id as id1_2_1_, regions0_.country_id as country_3_2_1_, regions0_.name as name2_2_1_ from region regions0_ where regions0_.country_id=?
2020-03-31 11:15:24.059 TRACE 224720 --- [    Test worker] o.h.type.descriptor.sql.BasicBinder      : binding parameter [1] as [INTEGER] - [93]
2020-03-31 11:15:24.061 DEBUG 224720 --- [    Test worker] org.hibernate.SQL                        : select regions0_.country_id as country_3_2_0_, regions0_.id as id1_2_0_, regions0_.id as id1_2_1_, regions0_.country_id as country_3_2_1_, regions0_.name as name2_2_1_ from region regions0_ where regions0_.country_id=?
2020-03-31 11:15:24.062 TRACE 224720 --- [    Test worker] o.h.type.descriptor.sql.BasicBinder      : binding parameter [1] as [INTEGER] - [92]
2020-03-31 11:15:24.070 DEBUG 224720 --- [    Test worker] org.hibernate.SQL                        : delete from country where id=?
2020-03-31 11:15:24.070 TRACE 224720 --- [    Test worker] o.h.type.descriptor.sql.BasicBinder      : binding parameter [1] as [INTEGER] - [92]
2020-03-31 11:15:24.072 DEBUG 224720 --- [    Test worker] org.hibernate.SQL                        : delete from country where id=?
2020-03-31 11:15:24.073 TRACE 224720 --- [    Test worker] o.h.type.descriptor.sql.BasicBinder      : binding parameter [1] as [INTEGER] - [93]
2020-03-31 11:15:24.074 DEBUG 224720 --- [    Test worker] org.hibernate.SQL                        : delete from country where id=?
2020-03-31 11:15:24.075 TRACE 224720 --- [    Test worker] o.h.type.descriptor.sql.BasicBinder      : binding parameter [1] as [INTEGER] - [94]
2020-03-31 11:15:24.079 DEBUG 224720 --- [    Test worker] org.hibernate.SQL                        : insert into country (language, name) values (?, ?)
2020-03-31 11:15:24.079 TRACE 224720 --- [    Test worker] o.h.type.descriptor.sql.BasicBinder      : binding parameter [1] as [VARCHAR] - [FR]
2020-03-31 11:15:24.080 TRACE 224720 --- [    Test worker] o.h.type.descriptor.sql.BasicBinder      : binding parameter [2] as [VARCHAR] - [France]
2020-03-31 11:15:24.083 DEBUG 224720 --- [    Test worker] org.hibernate.SQL                        : insert into country (language, name) values (?, ?)
2020-03-31 11:15:24.084 TRACE 224720 --- [    Test worker] o.h.type.descriptor.sql.BasicBinder      : binding parameter [1] as [VARCHAR] - [EN]
2020-03-31 11:15:24.085 TRACE 224720 --- [    Test worker] o.h.type.descriptor.sql.BasicBinder      : binding parameter [2] as [VARCHAR] - [Canada]
2020-03-31 11:15:24.089 DEBUG 224720 --- [    Test worker] org.hibernate.SQL                        : insert into country (language, name) values (?, ?)
2020-03-31 11:15:24.089 TRACE 224720 --- [    Test worker] o.h.type.descriptor.sql.BasicBinder      : binding parameter [1] as [VARCHAR] - [JA]
2020-03-31 11:15:24.090 TRACE 224720 --- [    Test worker] o.h.type.descriptor.sql.BasicBinder      : binding parameter [2] as [VARCHAR] - [Japan]
2020-03-31 11:15:24.093 DEBUG 224720 --- [    Test worker] org.hibernate.SQL                        : insert into region (country_id, name) values (?, ?)
2020-03-31 11:15:24.094 TRACE 224720 --- [    Test worker] o.h.type.descriptor.sql.BasicBinder      : binding parameter [1] as [INTEGER] - [95]
2020-03-31 11:15:24.094 TRACE 224720 --- [    Test worker] o.h.type.descriptor.sql.BasicBinder      : binding parameter [2] as [VARCHAR] - [IDF]
2020-03-31 11:15:24.098 DEBUG 224720 --- [    Test worker] org.hibernate.SQL                        : insert into region (country_id, name) values (?, ?)
2020-03-31 11:15:24.098 TRACE 224720 --- [    Test worker] o.h.type.descriptor.sql.BasicBinder      : binding parameter [1] as [INTEGER] - [96]
2020-03-31 11:15:24.099 TRACE 224720 --- [    Test worker] o.h.type.descriptor.sql.BasicBinder      : binding parameter [2] as [VARCHAR] - [Québec]
2020-03-31 11:15:24.103 DEBUG 224720 --- [    Test worker] org.hibernate.SQL                        : insert into city (name, region_id) values (?, ?)
2020-03-31 11:15:24.103 TRACE 224720 --- [    Test worker] o.h.type.descriptor.sql.BasicBinder      : binding parameter [1] as [VARCHAR] - [Paris]
2020-03-31 11:15:24.103 TRACE 224720 --- [    Test worker] o.h.type.descriptor.sql.BasicBinder      : binding parameter [2] as [INTEGER] - [63]
2020-03-31 11:15:24.107 DEBUG 224720 --- [    Test worker] org.hibernate.SQL                        : insert into city (name, region_id) values (?, ?)
2020-03-31 11:15:24.108 TRACE 224720 --- [    Test worker] o.h.type.descriptor.sql.BasicBinder      : binding parameter [1] as [VARCHAR] - [Montreuil]
2020-03-31 11:15:24.108 TRACE 224720 --- [    Test worker] o.h.type.descriptor.sql.BasicBinder      : binding parameter [2] as [INTEGER] - [63]
2020-03-31 11:15:24.112 DEBUG 224720 --- [    Test worker] org.hibernate.SQL                        : insert into city (name, region_id) values (?, ?)
2020-03-31 11:15:24.113 TRACE 224720 --- [    Test worker] o.h.type.descriptor.sql.BasicBinder      : binding parameter [1] as [VARCHAR] - [Montréal]
2020-03-31 11:15:24.113 TRACE 224720 --- [    Test worker] o.h.type.descriptor.sql.BasicBinder      : binding parameter [2] as [INTEGER] - [64]
2020-03-31 11:15:24.117 DEBUG 224720 --- [    Test worker] org.hibernate.SQL                        : insert into city (name, region_id) values (?, ?)
2020-03-31 11:15:24.117 TRACE 224720 --- [    Test worker] o.h.type.descriptor.sql.BasicBinder      : binding parameter [1] as [VARCHAR] - [Laval]
2020-03-31 11:15:24.117 TRACE 224720 --- [    Test worker] o.h.type.descriptor.sql.BasicBinder      : binding parameter [2] as [INTEGER] - [64]
2020-03-31 11:15:24.653  INFO 224720 --- [o-auto-1-exec-1] o.a.c.c.C.[Tomcat].[localhost].[/]       : Initializing Spring DispatcherServlet 'dispatcherServlet'
2020-03-31 11:15:24.654  INFO 224720 --- [o-auto-1-exec-1] o.s.web.servlet.DispatcherServlet        : Initializing Servlet 'dispatcherServlet'
2020-03-31 11:15:24.690  INFO 224720 --- [o-auto-1-exec-1] o.s.web.servlet.DispatcherServlet        : Completed initialization in 36 ms
2020-03-31 11:15:24.869 ERROR 224720 --- [o-auto-1-exec-1] o.a.c.c.C.[.[.[/].[dispatcherServlet]    : Servlet.service() for servlet [dispatcherServlet] in context with path [] threw exception [Request processing failed; nested exception is java.lang.NullPointerException] with root cause

java.lang.NullPointerException: null
	at com.renault.controllers.RegionController.createCountryRegion(RegionController.java:45) ~[main/:na]
	at java.base/jdk.internal.reflect.NativeMethodAccessorImpl.invoke0(Native Method) ~[na:na]
	at java.base/jdk.internal.reflect.NativeMethodAccessorImpl.invoke(NativeMethodAccessorImpl.java:62) ~[na:na]
	at java.base/jdk.internal.reflect.DelegatingMethodAccessorImpl.invoke(DelegatingMethodAccessorImpl.java:43) ~[na:na]
	at java.base/java.lang.reflect.Method.invoke(Method.java:566) ~[na:na]
	at org.springframework.web.method.support.InvocableHandlerMethod.doInvoke(InvocableHandlerMethod.java:190) ~[spring-web-5.2.3.RELEASE.jar:5.2.3.RELEASE]
	at org.springframework.web.method.support.InvocableHandlerMethod.invokeForRequest(InvocableHandlerMethod.java:138) ~[spring-web-5.2.3.RELEASE.jar:5.2.3.RELEASE]
	at org.springframework.web.servlet.mvc.method.annotation.ServletInvocableHandlerMethod.invokeAndHandle(ServletInvocableHandlerMethod.java:106) ~[spring-webmvc-5.2.3.RELEASE.jar:5.2.3.RELEASE]
	at org.springframework.web.servlet.mvc.method.annotation.RequestMappingHandlerAdapter.invokeHandlerMethod(RequestMappingHandlerAdapter.java:888) ~[spring-webmvc-5.2.3.RELEASE.jar:5.2.3.RELEASE]
	at org.springframework.web.servlet.mvc.method.annotation.RequestMappingHandlerAdapter.handleInternal(RequestMappingHandlerAdapter.java:793) ~[spring-webmvc-5.2.3.RELEASE.jar:5.2.3.RELEASE]
	at org.springframework.web.servlet.mvc.method.AbstractHandlerMethodAdapter.handle(AbstractHandlerMethodAdapter.java:87) ~[spring-webmvc-5.2.3.RELEASE.jar:5.2.3.RELEASE]
	at org.springframework.web.servlet.DispatcherServlet.doDispatch(DispatcherServlet.java:1040) ~[spring-webmvc-5.2.3.RELEASE.jar:5.2.3.RELEASE]
	at org.springframework.web.servlet.DispatcherServlet.doService(DispatcherServlet.java:943) ~[spring-webmvc-5.2.3.RELEASE.jar:5.2.3.RELEASE]
	at org.springframework.web.servlet.FrameworkServlet.processRequest(FrameworkServlet.java:1006) ~[spring-webmvc-5.2.3.RELEASE.jar:5.2.3.RELEASE]
	at org.springframework.web.servlet.FrameworkServlet.doPost(FrameworkServlet.java:909) ~[spring-webmvc-5.2.3.RELEASE.jar:5.2.3.RELEASE]
	at javax.servlet.http.HttpServlet.service(HttpServlet.java:660) ~[tomcat-embed-core-9.0.30.jar:9.0.30]
	at org.springframework.web.servlet.FrameworkServlet.service(FrameworkServlet.java:883) ~[spring-webmvc-5.2.3.RELEASE.jar:5.2.3.RELEASE]
	at javax.servlet.http.HttpServlet.service(HttpServlet.java:741) ~[tomcat-embed-core-9.0.30.jar:9.0.30]
	at org.apache.catalina.core.ApplicationFilterChain.internalDoFilter(ApplicationFilterChain.java:231) ~[tomcat-embed-core-9.0.30.jar:9.0.30]
	at org.apache.catalina.core.ApplicationFilterChain.doFilter(ApplicationFilterChain.java:166) ~[tomcat-embed-core-9.0.30.jar:9.0.30]
	at org.apache.tomcat.websocket.server.WsFilter.doFilter(WsFilter.java:53) ~[tomcat-embed-websocket-9.0.30.jar:9.0.30]
	at org.apache.catalina.core.ApplicationFilterChain.internalDoFilter(ApplicationFilterChain.java:193) ~[tomcat-embed-core-9.0.30.jar:9.0.30]
	at org.apache.catalina.core.ApplicationFilterChain.doFilter(ApplicationFilterChain.java:166) ~[tomcat-embed-core-9.0.30.jar:9.0.30]
	at org.springframework.web.filter.RequestContextFilter.doFilterInternal(RequestContextFilter.java:100) ~[spring-web-5.2.3.RELEASE.jar:5.2.3.RELEASE]
	at org.springframework.web.filter.OncePerRequestFilter.doFilter(OncePerRequestFilter.java:119) ~[spring-web-5.2.3.RELEASE.jar:5.2.3.RELEASE]
	at org.apache.catalina.core.ApplicationFilterChain.internalDoFilter(ApplicationFilterChain.java:193) ~[tomcat-embed-core-9.0.30.jar:9.0.30]
	at org.apache.catalina.core.ApplicationFilterChain.doFilter(ApplicationFilterChain.java:166) ~[tomcat-embed-core-9.0.30.jar:9.0.30]
	at org.springframework.web.filter.FormContentFilter.doFilterInternal(FormContentFilter.java:93) ~[spring-web-5.2.3.RELEASE.jar:5.2.3.RELEASE]
	at org.springframework.web.filter.OncePerRequestFilter.doFilter(OncePerRequestFilter.java:119) ~[spring-web-5.2.3.RELEASE.jar:5.2.3.RELEASE]
	at org.apache.catalina.core.ApplicationFilterChain.internalDoFilter(ApplicationFilterChain.java:193) ~[tomcat-embed-core-9.0.30.jar:9.0.30]
	at org.apache.catalina.core.ApplicationFilterChain.doFilter(ApplicationFilterChain.java:166) ~[tomcat-embed-core-9.0.30.jar:9.0.30]
	at org.springframework.web.filter.CharacterEncodingFilter.doFilterInternal(CharacterEncodingFilter.java:201) ~[spring-web-5.2.3.RELEASE.jar:5.2.3.RELEASE]
	at org.springframework.web.filter.OncePerRequestFilter.doFilter(OncePerRequestFilter.java:119) ~[spring-web-5.2.3.RELEASE.jar:5.2.3.RELEASE]
	at org.apache.catalina.core.ApplicationFilterChain.internalDoFilter(ApplicationFilterChain.java:193) ~[tomcat-embed-core-9.0.30.jar:9.0.30]
	at org.apache.catalina.core.ApplicationFilterChain.doFilter(ApplicationFilterChain.java:166) ~[tomcat-embed-core-9.0.30.jar:9.0.30]
	at org.apache.catalina.core.StandardWrapperValve.invoke(StandardWrapperValve.java:202) ~[tomcat-embed-core-9.0.30.jar:9.0.30]
	at org.apache.catalina.core.StandardContextValve.invoke(StandardContextValve.java:96) ~[tomcat-embed-core-9.0.30.jar:9.0.30]
	at org.apache.catalina.authenticator.AuthenticatorBase.invoke(AuthenticatorBase.java:541) ~[tomcat-embed-core-9.0.30.jar:9.0.30]
	at org.apache.catalina.core.StandardHostValve.invoke(StandardHostValve.java:139) ~[tomcat-embed-core-9.0.30.jar:9.0.30]
	at org.apache.catalina.valves.ErrorReportValve.invoke(ErrorReportValve.java:92) ~[tomcat-embed-core-9.0.30.jar:9.0.30]
	at org.apache.catalina.core.StandardEngineValve.invoke(StandardEngineValve.java:74) ~[tomcat-embed-core-9.0.30.jar:9.0.30]
	at org.apache.catalina.connector.CoyoteAdapter.service(CoyoteAdapter.java:343) ~[tomcat-embed-core-9.0.30.jar:9.0.30]
	at org.apache.coyote.http11.Http11Processor.service(Http11Processor.java:367) ~[tomcat-embed-core-9.0.30.jar:9.0.30]
	at org.apache.coyote.AbstractProcessorLight.process(AbstractProcessorLight.java:65) ~[tomcat-embed-core-9.0.30.jar:9.0.30]
	at org.apache.coyote.AbstractProtocol$ConnectionHandler.process(AbstractProtocol.java:860) ~[tomcat-embed-core-9.0.30.jar:9.0.30]
	at org.apache.tomcat.util.net.NioEndpoint$SocketProcessor.doRun(NioEndpoint.java:1598) ~[tomcat-embed-core-9.0.30.jar:9.0.30]
	at org.apache.tomcat.util.net.SocketProcessorBase.run(SocketProcessorBase.java:49) ~[tomcat-embed-core-9.0.30.jar:9.0.30]
	at java.base/java.util.concurrent.ThreadPoolExecutor.runWorker(ThreadPoolExecutor.java:1128) ~[na:na]
	at java.base/java.util.concurrent.ThreadPoolExecutor$Worker.run(ThreadPoolExecutor.java:628) ~[na:na]
	at org.apache.tomcat.util.threads.TaskThread$WrappingRunnable.run(TaskThread.java:61) ~[tomcat-embed-core-9.0.30.jar:9.0.30]
	at java.base/java.lang.Thread.run(Thread.java:834) ~[na:na]

]]></system-out>
  <system-err><![CDATA[]]></system-err>
</testsuite>
